This is pdfTeX, Version 3.14159265-2.6-1.40.20 (TeX Live 2019/Debian) (preloaded format=pdflatex 2021.8.17)  17 AUG 2021 08:22
entering extended mode
 restricted \write18 enabled.
 %&-line parsing enabled.
**Main.tex
(./Main.tex
LaTeX2e <2020-02-02> patch level 2
L3 programming layer <2020-02-14>
(/usr/share/texlive/texmf-dist/tex/latex/base/report.cls
Document Class: report 2019/12/20 v1.4l Standard LaTeX document class
(/usr/share/texlive/texmf-dist/tex/latex/base/size12.clo
File: size12.clo 2019/12/20 v1.4l Standard LaTeX file (size option)
)
\c@part=\count167
\c@chapter=\count168
\c@section=\count169
\c@subsection=\count170
\c@subsubsection=\count171
\c@paragraph=\count172
\c@subparagraph=\count173
\c@figure=\count174
\c@table=\count175
\abovecaptionskip=\skip47
\belowcaptionskip=\skip48
\bibindent=\dimen134
)
(/usr/share/texlive/texmf-dist/tex/latex/base/inputenc.sty
Package: inputenc 2018/08/11 v1.3c Input encoding file
\inpenc@prehook=\toks14
\inpenc@posthook=\toks15
)
(/usr/share/texlive/texmf-dist/tex/latex/base/fontenc.sty
Package: fontenc 2020/02/11 v2.0o Standard LaTeX package
)
(/usr/share/texlive/texmf-dist/tex/latex/graphics/graphicx.sty
Package: graphicx 2019/11/30 v1.2a Enhanced LaTeX Graphics (DPC,SPQR)

(/usr/share/texlive/texmf-dist/tex/latex/graphics/keyval.sty
Package: keyval 2014/10/28 v1.15 key=value parser (DPC)
\KV@toks@=\toks16
)
(/usr/share/texlive/texmf-dist/tex/latex/graphics/graphics.sty
Package: graphics 2019/11/30 v1.4a Standard LaTeX Graphics (DPC,SPQR)

(/usr/share/texlive/texmf-dist/tex/latex/graphics/trig.sty
Package: trig 2016/01/03 v1.10 sin cos tan (DPC)
)
(/usr/share/texlive/texmf-dist/tex/latex/graphics-cfg/graphics.cfg
File: graphics.cfg 2016/06/04 v1.11 sample graphics configuration
)
Package graphics Info: Driver file: pdftex.def on input line 105.

(/usr/share/texlive/texmf-dist/tex/latex/graphics-def/pdftex.def
File: pdftex.def 2018/01/08 v1.0l Graphics/color driver for pdftex
))
\Gin@req@height=\dimen135
\Gin@req@width=\dimen136
)
(/usr/share/texlive/texmf-dist/tex/latex/grffile/grffile.sty
Package: grffile 2019/11/11 v2.1 Extended file name support for graphics (legac
y)
Package grffile Info: This package is an empty stub for compatibility on input 
line 40.
)
(/usr/share/texlive/texmf-dist/tex/latex/tools/longtable.sty
Package: longtable 2020/01/07 v4.13 Multi-page Table package (DPC)
\LTleft=\skip49
\LTright=\skip50
\LTpre=\skip51
\LTpost=\skip52
\LTchunksize=\count176
\LTcapwidth=\dimen137
\LT@head=\box45
\LT@firsthead=\box46
\LT@foot=\box47
\LT@lastfoot=\box48
\LT@cols=\count177
\LT@rows=\count178
\c@LT@tables=\count179
\c@LT@chunks=\count180
\LT@p@ftn=\toks17
)
(/usr/share/texlive/texmf-dist/tex/latex/wrapfig/wrapfig.sty
\wrapoverhang=\dimen138
\WF@size=\dimen139
\c@WF@wrappedlines=\count181
\WF@box=\box49
\WF@everypar=\toks18
Package: wrapfig 2003/01/31  v 3.6
)
(/usr/share/texlive/texmf-dist/tex/latex/graphics/rotating.sty
Package: rotating 2016/08/11 v2.16d rotated objects in LaTeX

(/usr/share/texlive/texmf-dist/tex/latex/base/ifthen.sty
Package: ifthen 2014/09/29 v1.1c Standard LaTeX ifthen package (DPC)
)
\c@r@tfl@t=\count182
\rotFPtop=\skip53
\rotFPbot=\skip54
\rot@float@box=\box50
\rot@mess@toks=\toks19
)
(/usr/share/texlive/texmf-dist/tex/latex/float/float.sty
Package: float 2001/11/08 v1.3d Float enhancements (AL)
\c@float@type=\count183
\float@exts=\toks20
\float@box=\box51
\@float@everytoks=\toks21
\@floatcapt=\box52
)
(/usr/share/texlive/texmf-dist/tex/generic/ulem/ulem.sty
\UL@box=\box53
\UL@hyphenbox=\box54
\UL@skip=\skip55
\UL@hook=\toks22
\UL@height=\dimen140
\UL@pe=\count184
\UL@pixel=\dimen141
\ULC@box=\box55
Package: ulem 2019/11/18
\ULdepth=\dimen142
)
(/usr/share/texlive/texmf-dist/tex/latex/amsmath/amsmath.sty
Package: amsmath 2020/01/20 v2.17e AMS math features
\@mathmargin=\skip56

For additional information on amsmath, use the `?' option.
(/usr/share/texlive/texmf-dist/tex/latex/amsmath/amstext.sty
Package: amstext 2000/06/29 v2.01 AMS text

(/usr/share/texlive/texmf-dist/tex/latex/amsmath/amsgen.sty
File: amsgen.sty 1999/11/30 v2.0 generic functions
\@emptytoks=\toks23
\ex@=\dimen143
))
(/usr/share/texlive/texmf-dist/tex/latex/amsmath/amsbsy.sty
Package: amsbsy 1999/11/29 v1.2d Bold Symbols
\pmbraise@=\dimen144
)
(/usr/share/texlive/texmf-dist/tex/latex/amsmath/amsopn.sty
Package: amsopn 2016/03/08 v2.02 operator names
)
\inf@bad=\count185
LaTeX Info: Redefining \frac on input line 227.
\uproot@=\count186
\leftroot@=\count187
LaTeX Info: Redefining \overline on input line 389.
\classnum@=\count188
\DOTSCASE@=\count189
LaTeX Info: Redefining \ldots on input line 486.
LaTeX Info: Redefining \dots on input line 489.
LaTeX Info: Redefining \cdots on input line 610.
\Mathstrutbox@=\box56
\strutbox@=\box57
\big@size=\dimen145
LaTeX Font Info:    Redeclaring font encoding OML on input line 733.
LaTeX Font Info:    Redeclaring font encoding OMS on input line 734.
\macc@depth=\count190
\c@MaxMatrixCols=\count191
\dotsspace@=\muskip16
\c@parentequation=\count192
\dspbrk@lvl=\count193
\tag@help=\toks24
\row@=\count194
\column@=\count195
\maxfields@=\count196
\andhelp@=\toks25
\eqnshift@=\dimen146
\alignsep@=\dimen147
\tagshift@=\dimen148
\tagwidth@=\dimen149
\totwidth@=\dimen150
\lineht@=\dimen151
\@envbody=\toks26
\multlinegap=\skip57
\multlinetaggap=\skip58
\mathdisplay@stack=\toks27
LaTeX Info: Redefining \[ on input line 2859.
LaTeX Info: Redefining \] on input line 2860.
)
(/usr/share/texlive/texmf-dist/tex/latex/base/textcomp.sty
Package: textcomp 2020/02/02 v2.0n Standard LaTeX package
)
(/usr/share/texlive/texmf-dist/tex/latex/amsfonts/amssymb.sty
Package: amssymb 2013/01/14 v3.01 AMS font symbols

(/usr/share/texlive/texmf-dist/tex/latex/amsfonts/amsfonts.sty
Package: amsfonts 2013/01/14 v3.01 Basic AMSFonts support
\symAMSa=\mathgroup4
\symAMSb=\mathgroup5
LaTeX Font Info:    Redeclaring math symbol \hbar on input line 98.
LaTeX Font Info:    Overwriting math alphabet `\mathfrak' in version `bold'
(Font)                  U/euf/m/n --> U/euf/b/n on input line 106.
))
(/usr/share/texlive/texmf-dist/tex/latex/capt-of/capt-of.sty
Package: capt-of 2009/12/29 v0.2 standard captions outside of floats
)
(/usr/share/texlive/texmf-dist/tex/latex/hyperref/hyperref.sty
Package: hyperref 2020/01/14 v7.00d Hypertext links for LaTeX

(/usr/share/texlive/texmf-dist/tex/generic/ltxcmds/ltxcmds.sty
Package: ltxcmds 2019/12/15 v1.24 LaTeX kernel commands for general use (HO)
)
(/usr/share/texlive/texmf-dist/tex/generic/iftex/iftex.sty
Package: iftex 2019/11/07 v1.0c TeX engine tests
)
(/usr/share/texlive/texmf-dist/tex/latex/pdftexcmds/pdftexcmds.sty
Package: pdftexcmds 2019/11/24 v0.31 Utility functions of pdfTeX for LuaTeX (HO
)

(/usr/share/texlive/texmf-dist/tex/generic/infwarerr/infwarerr.sty
Package: infwarerr 2019/12/03 v1.5 Providing info/warning/error messages (HO)
)
Package pdftexcmds Info: \pdf@primitive is available.
Package pdftexcmds Info: \pdf@ifprimitive is available.
Package pdftexcmds Info: \pdfdraftmode found.
)
(/usr/share/texlive/texmf-dist/tex/generic/kvsetkeys/kvsetkeys.sty
Package: kvsetkeys 2019/12/15 v1.18 Key value parser (HO)
)
(/usr/share/texlive/texmf-dist/tex/generic/kvdefinekeys/kvdefinekeys.sty
Package: kvdefinekeys 2019-12-19 v1.6 Define keys (HO)
)
(/usr/share/texlive/texmf-dist/tex/generic/pdfescape/pdfescape.sty
Package: pdfescape 2019/12/09 v1.15 Implements pdfTeX's escape features (HO)
)
(/usr/share/texlive/texmf-dist/tex/latex/hycolor/hycolor.sty
Package: hycolor 2020-01-27 v1.10 Color options for hyperref/bookmark (HO)
)
(/usr/share/texlive/texmf-dist/tex/latex/letltxmacro/letltxmacro.sty
Package: letltxmacro 2019/12/03 v1.6 Let assignment for LaTeX macros (HO)
)
(/usr/share/texlive/texmf-dist/tex/latex/auxhook/auxhook.sty
Package: auxhook 2019-12-17 v1.6 Hooks for auxiliary files (HO)
)
(/usr/share/texlive/texmf-dist/tex/latex/kvoptions/kvoptions.sty
Package: kvoptions 2019/11/29 v3.13 Key value format for package options (HO)
)
\@linkdim=\dimen152
\Hy@linkcounter=\count197
\Hy@pagecounter=\count198

(/usr/share/texlive/texmf-dist/tex/latex/hyperref/pd1enc.def
File: pd1enc.def 2020/01/14 v7.00d Hyperref: PDFDocEncoding definition (HO)
Now handling font encoding PD1 ...
... no UTF-8 mapping file for font encoding PD1
)
(/usr/share/texlive/texmf-dist/tex/generic/intcalc/intcalc.sty
Package: intcalc 2019/12/15 v1.3 Expandable calculations with integers (HO)
)
(/usr/share/texlive/texmf-dist/tex/generic/etexcmds/etexcmds.sty
Package: etexcmds 2019/12/15 v1.7 Avoid name clashes with e-TeX commands (HO)
)
\Hy@SavedSpaceFactor=\count199
\pdfmajorversion=\count266
Package hyperref Info: Hyper figures OFF on input line 4547.
Package hyperref Info: Link nesting OFF on input line 4552.
Package hyperref Info: Hyper index ON on input line 4555.
Package hyperref Info: Plain pages OFF on input line 4562.
Package hyperref Info: Backreferencing OFF on input line 4567.
Package hyperref Info: Implicit mode ON; LaTeX internals redefined.
Package hyperref Info: Bookmarks ON on input line 4800.
\c@Hy@tempcnt=\count267

(/usr/share/texlive/texmf-dist/tex/latex/url/url.sty
\Urlmuskip=\muskip17
Package: url 2013/09/16  ver 3.4  Verb mode for urls, etc.
)
LaTeX Info: Redefining \url on input line 5159.
\XeTeXLinkMargin=\dimen153

(/usr/share/texlive/texmf-dist/tex/generic/bitset/bitset.sty
Package: bitset 2019/12/09 v1.3 Handle bit-vector datatype (HO)

(/usr/share/texlive/texmf-dist/tex/generic/bigintcalc/bigintcalc.sty
Package: bigintcalc 2019/12/15 v1.5 Expandable calculations on big integers (HO
)
))
\Fld@menulength=\count268
\Field@Width=\dimen154
\Fld@charsize=\dimen155
Package hyperref Info: Hyper figures OFF on input line 6430.
Package hyperref Info: Link nesting OFF on input line 6435.
Package hyperref Info: Hyper index ON on input line 6438.
Package hyperref Info: backreferencing OFF on input line 6445.
Package hyperref Info: Link coloring OFF on input line 6450.
Package hyperref Info: Link coloring with OCG OFF on input line 6455.
Package hyperref Info: PDF/A mode OFF on input line 6460.
LaTeX Info: Redefining \ref on input line 6500.
LaTeX Info: Redefining \pageref on input line 6504.

(/usr/share/texlive/texmf-dist/tex/generic/atbegshi/atbegshi.sty
Package: atbegshi 2019/12/05 v1.19 At begin shipout hook (HO)
)
\Hy@abspage=\count269
\c@Item=\count270
\c@Hfootnote=\count271
)
Package hyperref Info: Driver (autodetected): hpdftex.

(/usr/share/texlive/texmf-dist/tex/latex/hyperref/hpdftex.def
File: hpdftex.def 2020/01/14 v7.00d Hyperref driver for pdfTeX

(/usr/share/texlive/texmf-dist/tex/latex/atveryend/atveryend.sty
Package: atveryend 2019-12-11 v1.11 Hooks at the very end of document (HO)
Package atveryend Info: \enddocument detected (standard20110627).
)
\Fld@listcount=\count272
\c@bookmark@seq@number=\count273

(/usr/share/texlive/texmf-dist/tex/latex/rerunfilecheck/rerunfilecheck.sty
Package: rerunfilecheck 2019/12/05 v1.9 Rerun checks for auxiliary files (HO)

(/usr/share/texlive/texmf-dist/tex/generic/uniquecounter/uniquecounter.sty
Package: uniquecounter 2019/12/15 v1.4 Provide unlimited unique counter (HO)
)
Package uniquecounter Info: New unique counter `rerunfilecheck' on input line 2
86.
)
\Hy@SectionHShift=\skip59
)
(/usr/share/texlive/texmf-dist/tex/latex/appendix/appendix.sty
Package: appendix 2020/02/08 v1.2c extra appendix facilities
\c@@pps=\count274
\c@@ppsavesec=\count275
\c@@ppsaveapp=\count276
)
(/usr/share/texlive/texmf-dist/tex/latex/fancyhdr/fancyhdr.sty
Package: fancyhdr 2019/01/31 v3.10 Extensive control of page headers and footer
s
\f@nch@headwidth=\skip60
\f@nch@O@elh=\skip61
\f@nch@O@erh=\skip62
\f@nch@O@olh=\skip63
\f@nch@O@orh=\skip64
\f@nch@O@elf=\skip65
\f@nch@O@erf=\skip66
\f@nch@O@olf=\skip67
\f@nch@O@orf=\skip68
)
(/usr/share/texlive/texmf-dist/tex/latex/etoolbox/etoolbox.sty
Package: etoolbox 2019/09/21 v2.5h e-TeX tools for LaTeX (JAW)
\etb@tempcnta=\count277
)
(/usr/share/texlive/texmf-dist/tex/latex/titlesec/titlesec.sty
Package: titlesec 2019/10/16 v2.13 Sectioning titles
\ttl@box=\box58
\beforetitleunit=\skip69
\aftertitleunit=\skip70
\ttl@plus=\dimen156
\ttl@minus=\dimen157
\ttl@toksa=\toks28
\titlewidth=\dimen158
\titlewidthlast=\dimen159
\titlewidthfirst=\dimen160
)
(/usr/share/texmf/tex/latex/lm/lmodern.sty
Package: lmodern 2009/10/30 v1.6 Latin Modern Fonts
LaTeX Font Info:    Overwriting symbol font `operators' in version `normal'
(Font)                  OT1/cmr/m/n --> OT1/lmr/m/n on input line 22.
LaTeX Font Info:    Overwriting symbol font `letters' in version `normal'
(Font)                  OML/cmm/m/it --> OML/lmm/m/it on input line 23.
LaTeX Font Info:    Overwriting symbol font `symbols' in version `normal'
(Font)                  OMS/cmsy/m/n --> OMS/lmsy/m/n on input line 24.
LaTeX Font Info:    Overwriting symbol font `largesymbols' in version `normal'
(Font)                  OMX/cmex/m/n --> OMX/lmex/m/n on input line 25.
LaTeX Font Info:    Overwriting symbol font `operators' in version `bold'
(Font)                  OT1/cmr/bx/n --> OT1/lmr/bx/n on input line 26.
LaTeX Font Info:    Overwriting symbol font `letters' in version `bold'
(Font)                  OML/cmm/b/it --> OML/lmm/b/it on input line 27.
LaTeX Font Info:    Overwriting symbol font `symbols' in version `bold'
(Font)                  OMS/cmsy/b/n --> OMS/lmsy/b/n on input line 28.
LaTeX Font Info:    Overwriting symbol font `largesymbols' in version `bold'
(Font)                  OMX/cmex/m/n --> OMX/lmex/m/n on input line 29.
LaTeX Font Info:    Overwriting math alphabet `\mathbf' in version `normal'
(Font)                  OT1/cmr/bx/n --> OT1/lmr/bx/n on input line 31.
LaTeX Font Info:    Overwriting math alphabet `\mathsf' in version `normal'
(Font)                  OT1/cmss/m/n --> OT1/lmss/m/n on input line 32.
LaTeX Font Info:    Overwriting math alphabet `\mathit' in version `normal'
(Font)                  OT1/cmr/m/it --> OT1/lmr/m/it on input line 33.
LaTeX Font Info:    Overwriting math alphabet `\mathtt' in version `normal'
(Font)                  OT1/cmtt/m/n --> OT1/lmtt/m/n on input line 34.
LaTeX Font Info:    Overwriting math alphabet `\mathbf' in version `bold'
(Font)                  OT1/cmr/bx/n --> OT1/lmr/bx/n on input line 35.
LaTeX Font Info:    Overwriting math alphabet `\mathsf' in version `bold'
(Font)                  OT1/cmss/bx/n --> OT1/lmss/bx/n on input line 36.
LaTeX Font Info:    Overwriting math alphabet `\mathit' in version `bold'
(Font)                  OT1/cmr/bx/it --> OT1/lmr/bx/it on input line 37.
LaTeX Font Info:    Overwriting math alphabet `\mathtt' in version `bold'
(Font)                  OT1/cmtt/m/n --> OT1/lmtt/m/n on input line 38.
)
(/usr/share/texlive/texmf-dist/tex/latex/algorithm2e/algorithm2e.sty
Package: algorithm2e 2017/07/18 v5.2 algorithms environments
\c@AlgoLine=\count278
\algocf@hangindent=\skip71

(/usr/share/texlive/texmf-dist/tex/latex/ifoddpage/ifoddpage.sty
Package: ifoddpage 2016/04/23 v1.1 Conditionals for odd/even page detection
\c@checkoddpage=\count279
)
(/usr/share/texlive/texmf-dist/tex/latex/tools/xspace.sty
Package: xspace 2014/10/28 v1.13 Space after command names (DPC,MH)
)
(/usr/share/texlive/texmf-dist/tex/latex/relsize/relsize.sty
Package: relsize 2013/03/29 ver 4.1
)
\skiptotal=\skip72
\skiplinenumber=\skip73
\skiprule=\skip74
\skiphlne=\skip75
\skiptext=\skip76
\skiplength=\skip77
\algomargin=\skip78
\skipalgocfslide=\skip79
\algowidth=\dimen161
\inoutsize=\dimen162
\inoutindent=\dimen163
\interspacetitleruled=\dimen164
\interspacealgoruled=\dimen165
\interspacetitleboxruled=\dimen166
\algocf@ruledwidth=\skip80
\algocf@inoutbox=\box59
\algocf@inputbox=\box60
\AlCapSkip=\skip81
\AlCapHSkip=\skip82
\algoskipindent=\skip83
\algocf@nlbox=\box61
\algocf@hangingbox=\box62
\algocf@untilbox=\box63
\algocf@skipuntil=\skip84
\algocf@capbox=\box64
\algocf@lcaptionbox=\skip85
\algoheightruledefault=\skip86
\algoheightrule=\skip87
\algotitleheightruledefault=\skip88
\algotitleheightrule=\skip89
\c@algocfline=\count280
\c@algocfproc=\count281
\c@algocf=\count282
\algocf@algoframe=\box65
\algocf@algobox=\box66
)
(/usr/share/texlive/texmf-dist/tex/latex/tocbibind/tocbibind.sty
Package: tocbibind 2010/10/13 v1.5k extra ToC listings
Package tocbibind Info: The document has chapter divisions on input line 50.


Package tocbibind Note: Using chapter style headings, unless overridden.

) (/usr/share/texlive/texmf-dist/tex/latex/l3backend/l3backend-pdfmode.def
File: l3backend-pdfmode.def 2020-02-03 L3 backend support: PDF mode
\l__kernel_color_stack_int=\count283
\l__pdf_internal_box=\box67
)
(./Main.aux

LaTeX Warning: Label `fig:top9_no_pca3' multiply defined.

)
\openout1 = `Main.aux'.

LaTeX Font Info:    Checking defaults for OML/cmm/m/it on input line 64.
LaTeX Font Info:    ... okay on input line 64.
LaTeX Font Info:    Checking defaults for OMS/cmsy/m/n on input line 64.
LaTeX Font Info:    ... okay on input line 64.
LaTeX Font Info:    Checking defaults for OT1/cmr/m/n on input line 64.
LaTeX Font Info:    ... okay on input line 64.
LaTeX Font Info:    Checking defaults for T1/cmr/m/n on input line 64.
LaTeX Font Info:    ... okay on input line 64.
LaTeX Font Info:    Checking defaults for TS1/cmr/m/n on input line 64.
LaTeX Font Info:    ... okay on input line 64.
LaTeX Font Info:    Checking defaults for OMX/cmex/m/n on input line 64.
LaTeX Font Info:    ... okay on input line 64.
LaTeX Font Info:    Checking defaults for U/cmr/m/n on input line 64.
LaTeX Font Info:    ... okay on input line 64.
LaTeX Font Info:    Checking defaults for PD1/pdf/m/n on input line 64.
LaTeX Font Info:    ... okay on input line 64.
LaTeX Font Info:    Trying to load font information for T1+lmr on input line 64
.
 (/usr/share/texmf/tex/latex/lm/t1lmr.fd
File: t1lmr.fd 2009/10/30 v1.6 Font defs for Latin Modern
)
(/usr/share/texlive/texmf-dist/tex/context/base/mkii/supp-pdf.mkii
[Loading MPS to PDF converter (version 2006.09.02).]
\scratchcounter=\count284
\scratchdimen=\dimen167
\scratchbox=\box68
\nofMPsegments=\count285
\nofMParguments=\count286
\everyMPshowfont=\toks29
\MPscratchCnt=\count287
\MPscratchDim=\dimen168
\MPnumerator=\count288
\makeMPintoPDFobject=\count289
\everyMPtoPDFconversion=\toks30
) (/usr/share/texlive/texmf-dist/tex/latex/epstopdf-pkg/epstopdf-base.sty
Package: epstopdf-base 2020-01-24 v2.11 Base part for package epstopdf

(/usr/share/texlive/texmf-dist/tex/latex/grfext/grfext.sty
Package: grfext 2019/12/03 v1.3 Manage graphics extensions (HO)
)
Package epstopdf-base Info: Redefining graphics rule for `.eps' on input line 4
85.
Package grfext Info: Graphics extension search list:
(grfext)             [.pdf,.png,.jpg,.mps,.jpeg,.jbig2,.jb2,.PDF,.PNG,.JPG,.JPE
G,.JBIG2,.JB2,.eps]
(grfext)             \AppendGraphicsExtensions on input line 504.

(/usr/share/texlive/texmf-dist/tex/latex/latexconfig/epstopdf-sys.cfg
File: epstopdf-sys.cfg 2010/07/13 v1.3 Configuration of (r)epstopdf for TeX Liv
e
))
\AtBeginShipoutBox=\box69
Package hyperref Info: Link coloring OFF on input line 64.

(/usr/share/texlive/texmf-dist/tex/latex/hyperref/nameref.sty
Package: nameref 2019/09/16 v2.46 Cross-referencing by name of section

(/usr/share/texlive/texmf-dist/tex/latex/refcount/refcount.sty
Package: refcount 2019/12/15 v3.6 Data extraction from label references (HO)
)
(/usr/share/texlive/texmf-dist/tex/generic/gettitlestring/gettitlestring.sty
Package: gettitlestring 2019/12/15 v1.6 Cleanup title references (HO)
)
\c@section@level=\count290
)
LaTeX Info: Redefining \ref on input line 64.
LaTeX Info: Redefining \pageref on input line 64.
LaTeX Info: Redefining \nameref on input line 64.

(./Main.out) (./Main.out)
\@outlinefile=\write3
\openout3 = `Main.out'.

<./Figures/pjatk_logo.jpg, id=156, 477.7047pt x 80.58105pt>
File: ./Figures/pjatk_logo.jpg Graphic file (type jpg)
<use ./Figures/pjatk_logo.jpg>
Package pdftex.def Info: ./Figures/pjatk_logo.jpg  used on input line 68.
(pdftex.def)             Requested size: 390.0pt x 65.78792pt.
 [1

{/var/lib/texmf/fonts/map/pdftex/updmap/pdftex.map} <./Figures/pjatk_logo.jpg>]

Overfull \hbox (45.45122pt too wide) in paragraph at lines 115--116
\T1/lmr/m/n/12 reprezen-tacji poprzez za-s-tosowanie metod ze statystyki przest
rzen-nej. Przeprowadzam
 []

pdfTeX warning (ext4): destination with the same identifier (name{page.1}) has 
been already used, duplicate ignored
<to be read again> 
                   \relax 
l.116 \end{abstract}
                     [1] (./Main.toc
LaTeX Font Info:    Trying to load font information for OT1+lmr on input line 2
.
 (/usr/share/texmf/tex/latex/lm/ot1lmr.fd
File: ot1lmr.fd 2009/10/30 v1.6 Font defs for Latin Modern
)
LaTeX Font Info:    Trying to load font information for OML+lmm on input line 2
.

(/usr/share/texmf/tex/latex/lm/omllmm.fd
File: omllmm.fd 2009/10/30 v1.6 Font defs for Latin Modern
)
LaTeX Font Info:    Trying to load font information for OMS+lmsy on input line 
2.

(/usr/share/texmf/tex/latex/lm/omslmsy.fd
File: omslmsy.fd 2009/10/30 v1.6 Font defs for Latin Modern
)
LaTeX Font Info:    Trying to load font information for OMX+lmex on input line 
2.

(/usr/share/texmf/tex/latex/lm/omxlmex.fd
File: omxlmex.fd 2009/10/30 v1.6 Font defs for Latin Modern
)
LaTeX Font Info:    External font `lmex10' loaded for size
(Font)              <12> on input line 2.
LaTeX Font Info:    External font `lmex10' loaded for size
(Font)              <8> on input line 2.
LaTeX Font Info:    External font `lmex10' loaded for size
(Font)              <6> on input line 2.
LaTeX Font Info:    Trying to load font information for U+msa on input line 2.

(/usr/share/texlive/texmf-dist/tex/latex/amsfonts/umsa.fd
File: umsa.fd 2013/01/14 v3.01 AMS symbols A
)
LaTeX Font Info:    Trying to load font information for U+msb on input line 2.

(/usr/share/texlive/texmf-dist/tex/latex/amsfonts/umsb.fd
File: umsb.fd 2013/01/14 v3.01 AMS symbols B
)
Overfull \hbox (6.46765pt too wide) in paragraph at lines 21--21
 [][] [][]\T1/lmr/m/n/12 Uniform Man-i-fold Ap-prox-i-ma-tion and Pro-jec-tion 
(UMAP)[] []  
 []


Package Fancyhdr Warning: \headheight is too small (12.0pt): 
Make it at least 14.49998pt.
We now make it that large for the rest of the document.
This may cause the page layout to be inconsistent, however.

[2

])
\tf@toc=\write4
\openout4 = `Main.toc'.

 [3]
Chapter 1.
<./Figures/ontologyFE.png, id=219, 995.97093pt x 210.03468pt>
File: ./Figures/ontologyFE.png Graphic file (type png)
<use ./Figures/ontologyFE.png>
Package pdftex.def Info: ./Figures/ontologyFE.png  used on input line 128.
(pdftex.def)             Requested size: 350.99762pt x 74.0196pt.
[4

 <./Figures/ontologyFE.png (PNG copy)>] [5] [6]
Chapter 2.
[7

]
LaTeX Font Info:    Trying to load font information for TS1+lmr on input line 1
71.
 (/usr/share/texmf/tex/latex/lm/ts1lmr.fd
File: ts1lmr.fd 2009/10/30 v1.6 Font defs for Latin Modern
)
<./Figures/orig_stft.png, id=251, 642.4pt x 481.8pt>
File: ./Figures/orig_stft.png Graphic file (type png)
<use ./Figures/orig_stft.png>
Package pdftex.def Info: ./Figures/orig_stft.png  used on input line 186.
(pdftex.def)             Requested size: 390.0pt x 292.5081pt.
 [8 <./Figures/orig_stft.png (PNG copy)>]
<./Figures/mel_flow.png, id=270, 582.175pt x 142.5325pt>
File: ./Figures/mel_flow.png Graphic file (type png)
<use ./Figures/mel_flow.png>
Package pdftex.def Info: ./Figures/mel_flow.png  used on input line 201.
(pdftex.def)             Requested size: 272.99881pt x 66.83803pt.
 [9 <./Figures/mel_flow.png>]
<./Figures/mel_filterbank.png, id=292, 481.8pt x 361.35pt>
File: ./Figures/mel_filterbank.png Graphic file (type png)
<use ./Figures/mel_filterbank.png>
Package pdftex.def Info: ./Figures/mel_filterbank.png  used on input line 229.
(pdftex.def)             Requested size: 272.99881pt x 204.7531pt.
 [10 <./Figures/mel_filterbank.png>]
[11] [12] [13] [14] [15]
Overfull \hbox (11.0031pt too wide) in paragraph at lines 402--403
[]\T1/lmr/m/n/12 The points are then dis-tributed ran-domly through-out the low
-dimensional
 []


Underfull \vbox (badness 10000) has occurred while \output is active []

 [16]
! You can't use `macro parameter character #' in horizontal mode.
l.463 fs-set$_{0} \leftarrow X$ #
                                  Fuzzy set image of 0-simplices\\
? 
! You can't use `macro parameter character #' in horizontal mode.
l.464 ...{1} \leftarrow \{([x,y],0) | y \in X\}$ #
                                                   Fuzzy set image of 1-simp...

? 

LaTeX Warning: `!h' float specifier changed to `!ht'.


LaTeX Warning: `!h' float specifier changed to `!ht'.

! Missing $ inserted.
<inserted text> 
                $
l.534 
      
? 
! Extra }, or forgotten $.
<recently read> \egroup 
                        
l.534 
      
? 
! Extra }, or forgotten $.
<recently read> \egroup 
                        
l.534 
      
? 
! Missing $ inserted.
<inserted text> 
                $
l.534 
      
? 
! Missing $ inserted.
<inserted text> 
                $
l.534 
      
? 
! Extra }, or forgotten $.
<recently read> \egroup 
                        
l.534 
      
? 
! Extra }, or forgotten $.
<recently read> \egroup 
                        
l.534 
      
? 
! Missing $ inserted.
<inserted text> 
                $
l.534 
      
? 
! Missing } inserted.
<inserted text> 
                }
l.538 \end{algorithm}
                     
? 
! Missing } inserted.
<inserted text> 
                }
l.538 \end{algorithm}
                     
? 
! Missing } inserted.
<inserted text> 
                }
l.538 \end{algorithm}
                     
? 

Underfull \hbox (badness 10000) detected at line 538
[][]
 []

! Missing } inserted.
<inserted text> 
                }
l.538 \end{algorithm}
                     
? 
[17]
Underfull \vbox (badness 10000) has occurred while \output is active []

 [18]
[19] [20] [21]
Chapter 3.

Overfull \hbox (14.24185pt too wide) in paragraph at lines 595--602
 [][] 
 []

<./Figures/8_samples.png, id=379, 5018.75pt x 5018.75pt>
File: ./Figures/8_samples.png Graphic file (type png)
<use ./Figures/8_samples.png>
Package pdftex.def Info: ./Figures/8_samples.png  used on input line 607.
(pdftex.def)             Requested size: 350.99762pt x 350.9655pt.

LaTeX Warning: `!h' float specifier changed to `!ht'.

[22

] [23 <./Figures/8_samples.png (PNG copy)>]
<./Figures/original_sample.png, id=399, 438.13687pt x 313.17pt>
File: ./Figures/original_sample.png Graphic file (type png)
<use ./Figures/original_sample.png>
Package pdftex.def Info: ./Figures/original_sample.png  used on input line 641.

(pdftex.def)             Requested size: 272.99881pt x 195.13344pt.
 [24 <./Figures/original_sample.png>]
<./Figures/stft.png, id=408, 642.4pt x 481.8pt>
File: ./Figures/stft.png Graphic file (type png)
<use ./Figures/stft.png>
Package pdftex.def Info: ./Figures/stft.png  used on input line 661.
(pdftex.def)             Requested size: 272.99881pt x 204.75125pt.
<./Figures/mfcc.png, id=414, 642.4pt x 481.8pt>
File: ./Figures/mfcc.png Graphic file (type png)
<use ./Figures/mfcc.png>
Package pdftex.def Info: ./Figures/mfcc.png  used on input line 673.
(pdftex.def)             Requested size: 272.99881pt x 204.75125pt.


LaTeX Warning: `!h' float specifier changed to `!ht'.

<./Figures/mir_features.png, id=419, 891.33pt x 1032.85875pt>
File: ./Figures/mir_features.png Graphic file (type png)
<use ./Figures/mir_features.png>
Package pdftex.def Info: ./Figures/mir_features.png  used on input line 684.
(pdftex.def)             Requested size: 272.99881pt x 316.33743pt.
[25 <./Figures/stft.png (PNG copy)>]

LaTeX Warning: `!h' float specifier changed to `!ht'.

[26 <./Figures/mfcc.png (PNG copy)>] [27 <./Figures/mir_features.png>] [28]
[29]
<./Figures/umap_stft_gridsearch_reduced.png, id=455, 1806.75pt x 1428.83812pt>
File: ./Figures/umap_stft_gridsearch_reduced.png Graphic file (type png)
<use ./Figures/umap_stft_gridsearch_reduced.png>
Package pdftex.def Info: ./Figures/umap_stft_gridsearch_reduced.png  used on in
put line 790.
(pdftex.def)             Requested size: 537.75343pt x 425.27539pt.
 [30] [31 <./Figures/umap_stft_gridsearch_reduced.png>] [32]
Chapter 4.
<./Figures/Best_Overall_STFT.png, id=471, 2328.44907pt x 1450.6697pt>
File: ./Figures/Best_Overall_STFT.png Graphic file (type png)
<use ./Figures/Best_Overall_STFT.png>
Package pdftex.def Info: ./Figures/Best_Overall_STFT.png  used on input line 82
9.
(pdftex.def)             Requested size: 676.04005pt x 421.17041pt.

LaTeX Warning: Float too large for page by 110.87337pt on input line 831.

<./Figures/Best_Overall_MFCC.png, id=472, 3092.55376pt x 1962.33125pt>
File: ./Figures/Best_Overall_MFCC.png Graphic file (type png)
<use ./Figures/Best_Overall_MFCC.png>
Package pdftex.def Info: ./Figures/Best_Overall_MFCC.png  used on input line 83
5.
(pdftex.def)             Requested size: 676.04005pt x 428.95949pt.

LaTeX Warning: Float too large for page by 110.87337pt on input line 837.

<./Figures/Best_Overall_Combined.png, id=473, 2318.6625pt x 746.79pt>
File: ./Figures/Best_Overall_Combined.png Graphic file (type png)
<use ./Figures/Best_Overall_Combined.png>
Package pdftex.def Info: ./Figures/Best_Overall_Combined.png  used on input lin
e 841.
(pdftex.def)             Requested size: 537.75343pt x 107.20686pt.
<./Figures/3d_pca_mfcc.png, id=479, 3011.25pt x 3011.25pt>
File: ./Figures/3d_pca_mfcc.png Graphic file (type png)
<use ./Figures/3d_pca_mfcc.png>
Package pdftex.def Info: ./Figures/3d_pca_mfcc.png  used on input line 849.
(pdftex.def)             Requested size: 390.0pt x 389.95996pt.
<./Figures/umap_grid_search_pca_3_reduced.png, id=480, 1323.44438pt x 1428.8381
2pt>
File: ./Figures/umap_grid_search_pca_3_reduced.png Graphic file (type png)
<use ./Figures/umap_grid_search_pca_3_reduced.png>
Package pdftex.def Info: ./Figures/umap_grid_search_pca_3_reduced.png  used on 
input line 855.
(pdftex.def)             Requested size: 548.33064pt x 592.0pt.

LaTeX Warning: Float too large for page by 55.83331pt on input line 858.

<./Figures/top9_with_pca.png, id=482, 5018.75pt x 5018.75pt>
File: ./Figures/top9_with_pca.png Graphic file (type png)
<use ./Figures/top9_with_pca.png>
Package pdftex.def Info: ./Figures/top9_with_pca.png  used on input line 866.
(pdftex.def)             Requested size: 600.30952pt x 549.27528pt.
[33

] [34 <./Figures/Best_Overall_STFT.png>] [35 <./Figures/Best_Overall_MFCC.png>]
<./Figures/top9_ripley.png, id=505, 5018.75pt x 5018.75pt>
File: ./Figures/top9_ripley.png Graphic file (type png)
<use ./Figures/top9_ripley.png>
Package pdftex.def Info: ./Figures/top9_ripley.png  used on input line 877.
(pdftex.def)             Requested size: 600.30952pt x 549.27528pt.
<./Figures/top9_no_pca3.png, id=507, 5018.75pt x 5018.75pt>
File: ./Figures/top9_no_pca3.png Graphic file (type png)
<use ./Figures/top9_no_pca3.png>
Package pdftex.def Info: ./Figures/top9_no_pca3.png  used on input line 886.
(pdftex.def)             Requested size: 600.30952pt x 549.27528pt.


LaTeX Warning: Reference `fig:top9_no_ripley' on page 36 undefined on input lin
e 893.

[36 <./Figures/Best_Overall_Combined.png>]
<./Figures/top9_without_ripley.png, id=516, 5018.75pt x 5018.75pt>
File: ./Figures/top9_without_ripley.png Graphic file (type png)
<use ./Figures/top9_without_ripley.png>
Package pdftex.def Info: ./Figures/top9_without_ripley.png  used on input line 
897.
(pdftex.def)             Requested size: 600.30952pt x 549.27528pt.
 [37 <./Figures/3d_pca_mfcc.png (PNG copy)>] [38 <./Figures/umap_grid_search_pc
a_3_reduced.png>] [39 <./Figures/top9_with_pca.png (PNG copy)>] [40 <./Figures/
top9_ripley.png (PNG copy)>] [41 <./Figures/top9_no_pca3.png (PNG copy)>] [42 <
./Figures/top9_without_Ripley.png (PNG copy)>] (./Main.bbl [43] [44

]
LaTeX Font Info:    Trying to load font information for T1+lmtt on input line 1
04.
 (/usr/share/texmf/tex/latex/lm/t1lmtt.fd
File: t1lmtt.fd 2009/10/30 v1.6 Font defs for Latin Modern
))
[45] [46

]
Appendix A.
Package atveryend Info: Empty hook `BeforeClearDocument' on input line 925.
[47

]
Package atveryend Info: Empty hook `AfterLastShipout' on input line 925.
 (./Main.aux)
Package atveryend Info: Executing hook `AtVeryEndDocument' on input line 925.
Package atveryend Info: Executing hook `AtEndAfterFileList' on input line 925.
Package rerunfilecheck Info: File `Main.out' has not changed.
(rerunfilecheck)             Checksum: 2FF234C5F74984ADCCB7464F851F10B2;2610.


LaTeX Warning: There were undefined references.


LaTeX Warning: There were multiply-defined labels.

Package atveryend Info: Empty hook `AtVeryVeryEnd' on input line 925.
 ) 
Here is how much of TeX's memory you used:
 9402 strings out of 483107
 137953 string characters out of 5964630
 412129 words of memory out of 5000000
 24027 multiletter control sequences out of 15000+600000
 604289 words of font info for 63 fonts, out of 8000000 for 9000
 59 hyphenation exceptions out of 8191
 34i,20n,45p,1425b,529s stack positions out of 5000i,500n,10000p,200000b,80000s
{/usr/share/texmf/fonts/enc/dvips/lm/lm-ec.enc}{/usr/share/texmf/fonts/enc/dv
ips/lm/lm-mathex.enc}{/usr/share/texmf/fonts/enc/dvips/lm/lm-rm.enc}{/usr/share
/texmf/fonts/enc/dvips/lm/lm-mathit.enc}{/usr/share/texmf/fonts/enc/dvips/lm/lm
-mathsy.enc}{/usr/share/texmf/fonts/enc/dvips/lm/lm-ts1.enc}</usr/share/texmf/f
onts/type1/public/lm/lmbx12.pfb></usr/share/texmf/fonts/type1/public/lm/lmbxo10
.pfb></usr/share/texmf/fonts/type1/public/lm/lmex10.pfb></usr/share/texmf/fonts
/type1/public/lm/lmmi12.pfb></usr/share/texmf/fonts/type1/public/lm/lmmi6.pfb><
/usr/share/texmf/fonts/type1/public/lm/lmmi8.pfb></usr/share/texmf/fonts/type1/
public/lm/lmr10.pfb></usr/share/texmf/fonts/type1/public/lm/lmr12.pfb></usr/sha
re/texmf/fonts/type1/public/lm/lmr6.pfb></usr/share/texmf/fonts/type1/public/lm
/lmr8.pfb></usr/share/texmf/fonts/type1/public/lm/lmri12.pfb></usr/share/texmf/
fonts/type1/public/lm/lmro12.pfb></usr/share/texmf/fonts/type1/public/lm/lmsy10
.pfb></usr/share/texmf/fonts/type1/public/lm/lmsy6.pfb></usr/share/texmf/fonts/
type1/public/lm/lmsy8.pfb></usr/share/texmf/fonts/type1/public/lm/lmtt12.pfb></
usr/share/texlive/texmf-dist/fonts/type1/public/amsfonts/symbols/msbm10.pfb>
Output written on Main.pdf (48 pages, 17938197 bytes).
PDF statistics:
 667 PDF objects out of 1000 (max. 8388607)
 565 compressed objects within 6 object streams
 154 named destinations out of 1000 (max. 500000)
 405 words of extra memory for PDF output out of 10000 (max. 10000000)

