\BOOKMARK [0][-]{chapter.1}{Introduction}{}% 1
\BOOKMARK [1][-]{section.1.1}{Related Work}{chapter.1}% 2
\BOOKMARK [2][-]{subsection.1.1.1}{The infinite drum machine}{section.1.1}% 3
\BOOKMARK [2][-]{subsection.1.1.2}{Klustr}{section.1.1}% 4
\BOOKMARK [0][-]{chapter.2}{Background}{}% 5
\BOOKMARK [1][-]{section.2.1}{Music Information Retrieval}{chapter.2}% 6
\BOOKMARK [2][-]{subsection.2.1.1}{Short-time Fourier Transform \(STFT\)}{section.2.1}% 7
\BOOKMARK [2][-]{subsection.2.1.2}{Mel Frequency Cepstral Coefficients \(MFCC\)}{section.2.1}% 8
\BOOKMARK [2][-]{subsection.2.1.3}{MIR metrics}{section.2.1}% 9
\BOOKMARK [1][-]{section.2.2}{Dimensionality reduction}{chapter.2}% 10
\BOOKMARK [2][-]{subsection.2.2.1}{Principal Component Analysis \(PCA\)}{section.2.2}% 11
\BOOKMARK [2][-]{subsection.2.2.2}{t-Distributed Stochastic Neighbour Embedding \(t-SNE\)}{section.2.2}% 12
\BOOKMARK [2][-]{subsection.2.2.3}{Uniform Manifold Approximation and Projection \(UMAP\)}{section.2.2}% 13
\BOOKMARK [1][-]{section.2.3}{Evaluation metrics}{chapter.2}% 14
\BOOKMARK [2][-]{subsection.2.3.1}{Silhouette Score}{section.2.3}% 15
\BOOKMARK [2][-]{subsection.2.3.2}{Roundness}{section.2.3}% 16
\BOOKMARK [2][-]{subsection.2.3.3}{Overlap of cluster convex hulls}{section.2.3}% 17
\BOOKMARK [2][-]{subsection.2.3.4}{Ripley's K function}{section.2.3}% 18
\BOOKMARK [0][-]{chapter.3}{Experiment design and overview}{}% 19
\BOOKMARK [1][-]{section.3.1}{Dataset}{chapter.3}% 20
\BOOKMARK [1][-]{section.3.2}{The processing pipeline}{chapter.3}% 21
\BOOKMARK [1][-]{section.3.3}{Preprocessing}{chapter.3}% 22
\BOOKMARK [1][-]{section.3.4}{Feature Extraction}{chapter.3}% 23
\BOOKMARK [2][-]{subsection.3.4.1}{Short-time Fourier Transform \(STFT\)}{section.3.4}% 24
\BOOKMARK [2][-]{subsection.3.4.2}{MFCC}{section.3.4}% 25
\BOOKMARK [2][-]{subsection.3.4.3}{Music Information Retrieval Metrics}{section.3.4}% 26
\BOOKMARK [1][-]{section.3.5}{Feature Manipulation}{chapter.3}% 27
\BOOKMARK [1][-]{section.3.6}{Dimensionality Reduction}{chapter.3}% 28
\BOOKMARK [1][-]{section.3.7}{Scoring the plots}{chapter.3}% 29
\BOOKMARK [0][-]{chapter.4}{Experiment Evaluation}{}% 30
\BOOKMARK [1][-]{section.4.1}{Overall Results}{chapter.4}% 31
\BOOKMARK [1][-]{section.4.2}{The Ripley metric}{chapter.4}% 32
\BOOKMARK [1][-]{section.4.3}{The Silhouette Measure}{chapter.4}% 33
\BOOKMARK [1][-]{section.4.4}{Future work}{chapter.4}% 34
\BOOKMARK [1][-]{section.4.5}{Conclusion}{chapter.4}% 35
\BOOKMARK [0][-]{chapter*.2}{Bibliography}{}% 36
\BOOKMARK [0][-]{section*.3}{Appendices}{}% 37
\BOOKMARK [0][-]{appendix.A}{Source Code}{}% 38
